<?xml version="1.0" encoding="UTF-8"?>
<!-- Generated by org.testng.reporters.JUnitReportReporter -->
<testsuite hostname="DESKTOP-AAM3AQN" name="com.pack.TestCase" tests="6" failures="0" timestamp="18 Aug 2018 06:59:22 GMT" time="37.401" errors="0">
  <testcase name="loginProfile" time="1.457" classname="com.pack.TestCase"/>
  <testcase name="validateProfile" time="2.822" classname="com.pack.TestCase"/>
  <testcase name="purchaseIphone" time="12.538" classname="com.pack.TestCase"/>
  <testcase name="searchProduct" time="11.141" classname="com.pack.TestCase"/>
  <testcase name="titleVerification" time="0.596" classname="com.pack.TestCase"/>
  <testcase name="goToCart" time="8.847" classname="com.pack.TestCase"/>
</testsuite> <!-- com.pack.TestCase -->
